07:07:33 BATCH START - 50 assets (connector kit + devices)
07:07:58 OK xlr3-m - tris=292 ports=0 optimized=True
07:08:07 OK xlr3-f - tris=184 ports=0 optimized=True
07:08:18 OK xlr5-m - tris=364 ports=0 optimized=True
07:08:30 OK xlr5-f - tris=184 ports=0 optimized=True
07:08:45 OK trs-quarter - tris=320 ports=0 optimized=True
07:09:01 OK ts-quarter - tris=320 ports=0 optimized=True
07:09:11 OK trs-35mm - tris=320 ports=0 optimized=True
07:09:24 OK rca - tris=196 ports=0 optimized=True
07:09:34 OK rj45 - tris=24 ports=0 optimized=True
07:09:47 OK ethercon - tris=116 ports=0 optimized=True
07:09:57 OK speakon-nl4 - tris=208 ports=0 optimized=True
07:10:07 OK powercon-blue - tris=208 ports=0 optimized=True
07:10:17 OK powercon-true1 - tris=208 ports=0 optimized=True
07:10:26 OK iec-c13 - tris=12 ports=0 optimized=True
07:10:36 OK iec-c14 - tris=120 ports=0 optimized=True
07:11:12 OK schuko-plug - tris=192 ports=0 optimized=True
07:11:22 OK schuko-socket - tris=92 ports=0 optimized=True
07:11:44 OK bnc - tris=224 ports=0 optimized=True
07:12:07 OK tt-bantam - tris=320 ports=0 optimized=True
07:12:16 OK dsub25 - tris=24 ports=0 optimized=True
07:12:26 OK toslink - tris=24 ports=0 optimized=True
07:12:36 OK usb-a - tris=24 ports=0 optimized=True
07:12:46 OK usb-b - tris=24 ports=0 optimized=True
07:13:09 OK usb-c - tris=24 ports=0 optimized=True
07:13:22 OK digilink - tris=24 ports=0 optimized=True
07:13:33 OK gpio-terminal - tris=124 ports=0 optimized=True
18:26:19 WARN yamaha-ql1 - push failed (rides along with the next push)
18:26:19 OK yamaha-ql1 - tris=132 ports=7 optimized=True
18:27:43 OK yamaha-rio3224-d2 - tris=12 ports=6 optimized=True
18:27:56 OK shure-sm58 - tris=316 ports=1 optimized=True
18:28:13 OK shure-sm57 - tris=316 ports=1 optimized=True
18:28:24 OK qsc-k12-2 - tris=196 ports=3 optimized=True
18:28:36 OK yamaha-dbr12 - tris=196 ports=3 optimized=True
18:28:44 OK km-210-9 - tris=292 ports=0 optimized=True
18:28:53 OK axia-iq - tris=132 ports=9 optimized=True
18:29:00 OK ev-re20 - tris=316 ports=1 optimized=True
18:29:08 OK yellowtec-mika - tris=292 ports=0 optimized=True
18:29:16 OK yellowtec-litt - tris=184 ports=1 optimized=True
18:29:25 OK genelec-8030c - tris=196 ports=2 optimized=True
18:29:33 OK playout-pc - tris=24 ports=3 optimized=True
18:29:42 OK aeta-scoop5-s - tris=144 ports=4 optimized=True
18:29:50 OK aeta-scoopy-plus-s - tris=144 ports=3 optimized=True
18:29:58 OK ev-re50 - tris=316 ports=1 optimized=True
18:30:07 OK avid-protools-hdx - tris=24 ports=2 optimized=True
18:30:16 OK avid-hd-io - tris=12 ports=7 optimized=True
18:30:25 OK focusrite-isa-one - tris=144 ports=3 optimized=True
18:30:34 OK grace-m905 - tris=144 ports=7 optimized=True
18:30:42 OK neumann-u87-ai - tris=316 ports=1 optimized=True
18:30:51 OK switchcraft-studiopatch-9625 - tris=144 ports=4 optimized=True
18:31:00 OK antelope-ocx-hd - tris=144 ports=3 optimized=True
18:31:08 OK mogami-gold-db25-xlrm - tris=236 ports=3 optimized=True
18:31:11 BATCH END - 50/50 ok
